
2014-10-29 23:34:48 - Fazendo upload...1
2014-10-29 23:34:48 - FILE existe
2014-10-29 23:34:48 - Extensao png
2014-10-29 23:35:34 - Fazendo upload...1
2014-10-29 23:35:34 - FILE existe
2014-10-29 23:35:34 - Extensao png
2014-10-29 23:35:58 - Fazendo upload...1
2014-10-29 23:35:58 - FILE existe
2014-10-29 23:35:58 - Extensao aaa png
2014-10-29 23:36:52 - Fazendo upload...1
2014-10-29 23:36:52 - FILE existe
2014-10-29 23:36:52 - Extensao aaa png
2014-10-29 23:36:52 - Tenta mover para /home/cristianoliveira/my_lab/php/obracom_cms/uploads/downloads/
2014-10-29 23:36:52 - Upload feito.
2014-10-29 23:36:52 - ###SQL  INSERT INTO fd_produtos_imagens (produto_id,imagem,titulo) VALUES ('3',,'aaa')
2014-10-29 23:54:03 - Fazendo upload...1
2014-10-29 23:54:03 - FILE existe
2014-10-29 23:54:03 - Extensao aaa png
2014-10-29 23:54:03 - Tenta mover para /home/cristianoliveira/my_lab/php/obracom_cms/uploads/downloads/
2014-10-29 23:54:03 - Upload feito.
2014-10-29 23:54:03 - ###SQL  INSERT INTO fd_produtos_imagens (produto_id,imagem,titulo) VALUES ('3',,'aaa')
2014-10-29 23:59:03 - Fazendo upload...1
2014-10-29 23:59:03 - FILE existe
2014-10-29 23:59:03 - Tenta mover para Array